<?xml version='1.0' encoding='UTF-8'?>
<testsuite hostname="SM" name="test.SendSpec" tests="10" errors="0" failures="0" skipped="0" time="0.747" timestamp="2021-02-25T13:24:38">
                     <properties>
      <property name="jline.esc.timeout" value="0"/><property name="java.runtime.name" value="Java(TM) SE Runtime Environment"/><property name="sun.boot.library.path" value="C:\Program Files\Java\jdk1.8.0_271\jre\bin"/><property name="java.vm.version" value="25.271-b09"/><property name="java.vm.vendor" value="Oracle Corporation"/><property name="java.vendor.url" value="http://java.oracle.com/"/><property name="path.separator" value=";"/><property name="jna.loaded" value="true"/><property name="java.vm.name" value="Java HotSpot(TM) 64-Bit Server VM"/><property name="file.encoding.pkg" value="sun.io"/><property name="user.country" value="KR"/><property name="user.script" value=""/><property name="sun.java.launcher" value="SUN_STANDARD"/><property name="sun.os.patch.level" value=""/><property name="jna.nosys" value="true"/><property name="java.vm.specification.name" value="Java Virtual Machine Specification"/><property name="user.dir" value="C:\Users\SM\2021_stock-system-main\fillOrder"/><property name="java.runtime.version" value="1.8.0_271-b09"/><property name="java.awt.graphicsenv" value="sun.awt.Win32GraphicsEnvironment"/><property name="java.endorsed.dirs" value="C:\Program Files\Java\jdk1.8.0_271\jre\lib\endorsed"/><property name="os.arch" value="amd64"/><property name="java.io.tmpdir" value="C:\TEMP\"/><property name="line.separator" value="
"/><property name="java.vm.specification.vendor" value="Oracle Corporation"/><property name="log4j.ignoreTCL" value="true"/><property name="user.variant" value=""/><property name="os.name" value="Windows 10"/><property name="sun.jnu.encoding" value="MS949"/><property name="jnidispatch.path" value="C:\TEMP\jna-2650\jna1792257333351737528.dll"/><property name="java.library.path" value="C:\Program Files\Java\jdk1.8.0_271\bin;C:\WINDOWS\Sun\Java\bin;C:\WINDOWS\system32;C:\WINDOWS;C:\Program Files\Java\jdk1.8.0_271\bin;C:\Program Files\Java\jdk1.8.0_271\bin;C:\Program Files (x86)\Common Files\Oracle\Java\javapath;C:\Program Files (x86)\Intel\Intel(R) Management Engine Components\iCLS\;C:\Program Files\Intel\Intel(R) Management Engine Components\iCLS\;C:\WINDOWS\system32;C:\WINDOWS;C:\WINDOWS\System32\Wbem;C:\WINDOWS\System32\WindowsPowerShell\v1.0\;C:\WINDOWS\System32\OpenSSH\;C:\Program Files (x86)\Intel\Intel(R) Management Engine Components\DAL;C:\Program Files\Intel\Intel(R) Management Engine Components\DAL;C:\Program Files\dotnet\;C:\Program Files\Microsoft SQL Server\130\Tools\Binn\;C:\Users\SM\AppData\Local\Android\Sdk\tools;C:\Users\SM\AppData\Local\Android\Sdk\platform-tools;C:\Users\SM\_server\mysql\bin;C:\Users\SM\_server\Apache24\bin;C:\Program Files\PuTTY\;C:\MinGW\bin;C:\MinGW\msys\1.0\bin;C:\Users\SM\_kimserver\apache-maven-3.6.3\bin;C:\Users\SM\_kimserver\apache-tomcat-8.5.51\bin;C:\Program Files\Git\cmd;C:\Program Files (x86)\sbt\bin;;C:\Program Files\Docker\Docker\resources\bin;C:\ProgramData\DockerDesktop\version-bin;C:\Program Files (x86)\scala\bin;C:\windows\system32;C:\Users\SM\AppData\Local\Programs\Python\Python37\Scripts\;C:\Users\SM\AppData\Local\Programs\Python\Python37\;C:\Program Files\MySQL\MySQL Shell 8.0\bin\;C:\Users\SM\AppData\Local\atom\bin;C:\Program Files\JetBrains\PyCharm Community Edition 2019.3.4\bin;C:\Users\SM\AppData\Local\GitHubDesktop\bin;C:\opencv\build\x64\vc15\bin;C:\Users\SM\AppData\Local\Programs\Microsoft VS Code\bin;C:\Program Files\JetBrains\CLion 2020.2.4\bin;;C:\Program Files\JetBrains\IntelliJ IDEA 2020.3.1\bin;;C:\Program Files\heroku\bin;C:\Users\SM\AppData\Local\Microsoft\WindowsApps;C:\WINDOWSsystem32;C:\WINDOWS;;."/><property name="java.specification.name" value="Java Platform API Specification"/><property name="java.class.version" value="52.0"/><property name="sun.management.compiler" value="HotSpot 64-Bit Tiered Compilers"/><property name="os.version" value="10.0"/><property name="swoval.tmpdir" value="C:\Users\SM\.sbt\1.0"/><property name="user.home" value="C:\Users\SM"/><property name="user.timezone" value="Asia/Seoul"/><property name="java.awt.printerjob" value="sun.awt.windows.WPrinterJob"/><property name="file.encoding" value="UTF-8"/><property name="java.specification.version" value="1.8"/><property name="java.class.path" value="C:\Program Files (x86)\sbt\\bin\sbt-launch.jar"/><property name="user.name" value="SM"/><property name="jline.shutdownhook" value="false"/><property name="java.vm.specification.version" value="1.8"/><property name="sun.java.command" value="xsbt.boot.Boot test"/><property name="java.home" value="C:\Program Files\Java\jdk1.8.0_271\jre"/><property name="sun.arch.data.model" value="64"/><property name="user.language" value="ko"/><property name="java.specification.vendor" value="Oracle Corporation"/><property name="awt.toolkit" value="sun.awt.windows.WToolkit"/><property name="java.vm.info" value="mixed mode"/><property name="java.version" value="1.8.0_271"/><property name="java.ext.dirs" value="C:\Program Files\Java\jdk1.8.0_271\jre\lib\ext;C:\WINDOWS\Sun\Java\lib\ext"/><property name="sun.boot.class.path" value="C:\Program Files\Java\jdk1.8.0_271\jre\lib\resources.jar;C:\Program Files\Java\jdk1.8.0_271\jre\lib\rt.jar;C:\Program Files\Java\jdk1.8.0_271\jre\lib\sunrsasign.jar;C:\Program Files\Java\jdk1.8.0_271\jre\lib\jsse.jar;C:\Program Files\Java\jdk1.8.0_271\jre\lib\jce.jar;C:\Program Files\Java\jdk1.8.0_271\jre\lib\charsets.jar;C:\Program Files\Java\jdk1.8.0_271\jre\lib\jfr.jar;C:\Program Files\Java\jdk1.8.0_271\jre\classes"/><property name="java.vendor" value="Oracle Corporation"/><property name="sun.stderr.encoding" value="ms949"/><property name="file.separator" value="\"/><property name="java.vendor.url.bug" value="http://bugreport.sun.com/bugreport/"/><property name="sun.io.unicode.encoding" value="UnicodeLittle"/><property name="sun.cpu.endian" value="little"/><property name="sun.stdout.encoding" value="ms949"/><property name="sun.desktop" value="windows"/><property name="sun.cpu.isalist" value="amd64"/>
    </properties>
                     <testcase classname="test.SendSpec" name="The order service should return the tracking order for an BUY order that was posted" time="0.513">
                                                 
                                               </testcase><testcase classname="test.SendSpec" name="The order service should return the tracking order for an SELL order that was posted" time="0.036">
                                                 
                                               </testcase><testcase classname="test.SendSpec" name="The order service should return FAIL about BUY order that was posted for an SELL order" time="0.023">
                                                 
                                               </testcase><testcase classname="test.SendSpec" name="The order service should return FAIL about SELL order that was posted for an BUY order" time="0.025">
                                                 
                                               </testcase><testcase classname="test.SendSpec" name="The order service should return SUCCESS about BUY order that was posted" time="0.023">
                                                 
                                               </testcase><testcase classname="test.SendSpec" name="The order service should return SUCCESS about SELL order that was posted" time="0.028">
                                                 
                                               </testcase><testcase classname="test.SendSpec" name="The order service should return later SUCCESS about BUY order that was posted" time="0.031">
                                                 
                                               </testcase><testcase classname="test.SendSpec" name="The order service should return later SUCCESS about SELL order that was posted" time="0.025">
                                                 
                                               </testcase><testcase classname="test.SendSpec" name="The order service should return the cancel order for an BUY order that was posted" time="0.024">
                                                 
                                               </testcase><testcase classname="test.SendSpec" name="The order service should return the cancel order for an SELL order that was posted" time="0.019">
                                                 
                                               </testcase>
                     <system-out><![CDATA[]]></system-out>
                     <system-err><![CDATA[]]></system-err>
                   </testsuite>